<?xml version="1.0" encoding="UTF-8"?>
<!-- Generated by org.testng.reporters.JUnitReportReporter -->
<testsuite hostname="TYSS-jeevan" failures="0" tests="1" name="BusinessLogic.Generate_voucher" time="37.781" errors="0" timestamp="2024-01-30T16:59:25 IST" skipped="0">
  <testcase classname="BusinessLogic.Generate_voucher" name="voucher_generate" time="37.781"/>
</testsuite> <!-- BusinessLogic.Generate_voucher -->
