<?xml version="1.0" encoding="UTF-8"?>
<!-- Generated by org.testng.reporters.JUnitReportReporter -->
<testsuite hostname="TYSS-jeevan" failures="0" tests="1" name="BusinessLogic.Helpcenter" time="23.719" errors="0" timestamp="2024-01-30T17:05:41 IST" skipped="0">
  <testcase classname="BusinessLogic.Helpcenter" name="help_center" time="23.719"/>
</testsuite> <!-- BusinessLogic.Helpcenter -->
