<?xml version="1.0" encoding="UTF-8"?>
<!-- Generated by org.testng.reporters.JUnitReportReporter -->
<testsuite hostname="TYSS-jeevan" failures="0" tests="1" name="BusinessLogic.Basic_script" time="15.264" errors="0" timestamp="2024-01-30T17:03:55 IST" skipped="0">
  <testcase classname="BusinessLogic.Basic_script" name="fetch_title" time="15.264"/>
</testsuite> <!-- BusinessLogic.Basic_script -->
