<?xml version="1.0" encoding="UTF-8"?>
<!-- Generated by org.testng.reporters.JUnitReportReporter -->
<testsuite hostname="TYSS-jeevan" failures="0" tests="1" name="BusinessLogic.Cart.AddproductCart" time="21.821" errors="0" timestamp="2024-02-05T19:01:42 IST" skipped="0">
  <testcase classname="BusinessLogic.Cart.AddproductCart" name="add_product" time="21.821"/>
</testsuite> <!-- BusinessLogic.Cart.AddproductCart -->
